2024-11-24 12:57:31.589 +03:00 [DBG] Подобраны следующие значения для массива randomValues: 
2024-11-24 12:57:31.592 +03:00 [DBG] 1 -12 7 -1 -9 -4 -8 5 -4 6 0 -6 6 
2024-11-24 12:57:31.593 +03:00 [DBG] Полученная матрица k:
2024-11-24 12:57:31.596 +03:00 [DBG] [-79228162514264337593543950335] 
2024-11-24 12:57:31.596 +03:00 [DBG] [-79228162514264337593543950335] 
2024-11-24 12:57:31.596 +03:00 [DBG] [0,0324533320738011] 
2024-11-24 12:57:31.596 +03:00 [DBG] [-79228162514264337593543950335] 
2024-11-24 12:57:31.596 +03:00 [DBG] [-79228162514264337593543950335] 
2024-11-24 12:57:31.596 +03:00 [DBG] [-79228162514264337593543950335] 
2024-11-24 12:57:31.596 +03:00 [DBG] [-79228162514264337593543950335] 
2024-11-24 12:57:31.597 +03:00 [DBG] [0,314630286004702] 
2024-11-24 12:57:31.597 +03:00 [DBG] [-79228162514264337593543950335] 
2024-11-24 12:57:31.597 +03:00 [DBG] [29,9875163396691] 
2024-11-24 12:57:31.597 +03:00 [DBG] [1] 
2024-11-24 12:57:31.597 +03:00 [DBG] [-79228162514264337593543950335] 
2024-11-24 12:57:31.598 +03:00 [DBG] [29,9875163396691] 
2024-11-24 12:57:31.598 +03:00 [DBG] 
2024-11-24 12:57:31.598 +03:00 [DBG] [-79228162514264337593543950335] 
2024-11-24 12:57:31.598 +03:00 [DBG] [-79228162514264337593543950335] 
2024-11-24 12:57:31.598 +03:00 [DBG] [0,0324533320738011] 
2024-11-24 12:57:31.598 +03:00 [DBG] [-79228162514264337593543950335] 
2024-11-24 12:57:31.598 +03:00 [DBG] [-79228162514264337593543950335] 
2024-11-24 12:57:31.598 +03:00 [DBG] [-79228162514264337593543950335] 
2024-11-24 12:57:31.598 +03:00 [DBG] [-79228162514264337593543950335] 
2024-11-24 12:57:31.599 +03:00 [DBG] [0,314630286004702] 
2024-11-24 12:57:31.599 +03:00 [DBG] [-79228162514264337593543950335] 
2024-11-24 12:57:31.599 +03:00 [DBG] [29,9875163396691] 
2024-11-24 12:57:31.599 +03:00 [DBG] [1] 
2024-11-24 12:57:31.599 +03:00 [DBG] [-79228162514264337593543950335] 
2024-11-24 12:57:31.599 +03:00 [DBG] [29,9875163396691] 
2024-11-24 12:57:31.599 +03:00 [DBG] 
2024-11-24 12:57:31.599 +03:00 [DBG] [0,5797076069008] 
2024-11-24 12:57:31.599 +03:00 [DBG] [0,535159941479706] 
2024-11-24 12:57:31.599 +03:00 [DBG] [0,546817845930453] 
2024-11-24 12:57:31.600 +03:00 [DBG] [0,461269555033181] 
2024-11-24 12:57:31.600 +03:00 [DBG] [0,53360851873003] 
2024-11-24 12:57:31.600 +03:00 [DBG] [0,525399136045832] 
2024-11-24 12:57:31.600 +03:00 [DBG] [0,532822021919678] 
2024-11-24 12:57:31.600 +03:00 [DBG] [0,549515947262771] 
2024-11-24 12:57:31.600 +03:00 [DBG] [0,525399136045832] 
2024-11-24 12:57:31.600 +03:00 [DBG] [0,547953176473523] 
2024-11-24 12:57:31.600 +03:00 [DBG] [0,745624141665558] 
2024-11-24 12:57:31.600 +03:00 [DBG] [0,530418045770623] 
2024-11-24 12:57:31.601 +03:00 [DBG] [0,547953176473523] 
2024-11-24 12:57:31.601 +03:00 [DBG] 
2024-11-24 12:57:31.601 +03:00 [DBG] [-79228162514264337593543950335] 
2024-11-24 12:57:31.601 +03:00 [DBG] [-79228162514264337593543950335] 
2024-11-24 12:57:31.601 +03:00 [DBG] [0,0324533320738011] 
2024-11-24 12:57:31.601 +03:00 [DBG] [-79228162514264337593543950335] 
2024-11-24 12:57:31.601 +03:00 [DBG] [-79228162514264337593543950335] 
2024-11-24 12:57:31.601 +03:00 [DBG] [-79228162514264337593543950335] 
2024-11-24 12:57:31.601 +03:00 [DBG] [-79228162514264337593543950335] 
2024-11-24 12:57:31.601 +03:00 [DBG] [0,314630286004702] 
2024-11-24 12:57:31.601 +03:00 [DBG] [-79228162514264337593543950335] 
2024-11-24 12:57:31.602 +03:00 [DBG] [29,9875163396691] 
2024-11-24 12:57:31.602 +03:00 [DBG] [1] 
2024-11-24 12:57:31.602 +03:00 [DBG] [-79228162514264337593543950335] 
2024-11-24 12:57:31.602 +03:00 [DBG] [29,9875163396691] 
2024-11-24 12:57:31.602 +03:00 [DBG] 
2024-11-24 12:57:31.602 +03:00 [DBG] [0,000578703768305945] 
2024-11-24 12:57:31.602 +03:00 [DBG] [2,12909688740737] 
2024-11-24 12:57:31.602 +03:00 [DBG] [0,00000187988885853391] 
2024-11-24 12:57:31.602 +03:00 [DBG] [0,00390750763101242] 
2024-11-24 12:57:31.602 +03:00 [DBG] [-3,64129338913991] 
2024-11-24 12:57:31.602 +03:00 [DBG] [0,0686658568826994] 
2024-11-24 12:57:31.602 +03:00 [DBG] [-0,0159292599665381] 
2024-11-24 12:57:31.602 +03:00 [DBG] [0,000012693270542024] 
2024-11-24 12:57:31.602 +03:00 [DBG] [0,0686658568826994] 
2024-11-24 12:57:31.603 +03:00 [DBG] [0,00000488486825506866] 
2024-11-24 12:57:31.603 +03:00 [DBG] [0,00150375564452022] 
2024-11-24 12:57:31.603 +03:00 [DBG] [0,499084277605926] 
2024-11-24 12:57:31.603 +03:00 [DBG] [0,00000488486825506866] 
2024-11-24 12:57:31.603 +03:00 [DBG] 
2024-11-24 12:57:31.603 +03:00 [DBG] [-79228162514264337593543950335] 
2024-11-24 12:57:31.603 +03:00 [DBG] [-79228162514264337593543950335] 
2024-11-24 12:57:31.603 +03:00 [DBG] [0,0324533320738011] 
2024-11-24 12:57:31.603 +03:00 [DBG] [-79228162514264337593543950335] 
2024-11-24 12:57:31.603 +03:00 [DBG] [-79228162514264337593543950335] 
2024-11-24 12:57:31.603 +03:00 [DBG] [-79228162514264337593543950335] 
2024-11-24 12:57:31.603 +03:00 [DBG] [-79228162514264337593543950335] 
2024-11-24 12:57:31.603 +03:00 [DBG] [0,314630286004702] 
2024-11-24 12:57:31.603 +03:00 [DBG] [-79228162514264337593543950335] 
2024-11-24 12:57:31.604 +03:00 [DBG] [29,9875163396691] 
2024-11-24 12:57:31.604 +03:00 [DBG] [1] 
2024-11-24 12:57:31.604 +03:00 [DBG] [-79228162514264337593543950335] 
2024-11-24 12:57:31.604 +03:00 [DBG] [29,9875163396691] 
2024-11-24 12:57:31.604 +03:00 [DBG] 
2024-11-24 12:57:31.604 +03:00 [DBG] [0,000578703768305945] 
2024-11-24 12:57:31.604 +03:00 [DBG] [2,12909688740737] 
2024-11-24 12:57:31.604 +03:00 [DBG] [0,00000187988885853391] 
2024-11-24 12:57:31.604 +03:00 [DBG] [0,00390750763101242] 
2024-11-24 12:57:31.604 +03:00 [DBG] [-3,64129338913991] 
2024-11-24 12:57:31.604 +03:00 [DBG] [0,0686658568826994] 
2024-11-24 12:57:31.604 +03:00 [DBG] [-0,0159292599665381] 
2024-11-24 12:57:31.604 +03:00 [DBG] [0,000012693270542024] 
2024-11-24 12:57:31.604 +03:00 [DBG] [0,0686658568826994] 
2024-11-24 12:57:31.604 +03:00 [DBG] [0,00000488486825506866] 
2024-11-24 12:57:31.604 +03:00 [DBG] [0,00150375564452022] 
2024-11-24 12:57:31.605 +03:00 [DBG] [0,499084277605926] 
2024-11-24 12:57:31.605 +03:00 [DBG] [0,00000488486825506866] 
2024-11-24 12:57:31.605 +03:00 [DBG] 
2024-11-24 12:57:31.605 +03:00 [DBG] [0,000578703768305945] 
2024-11-24 12:57:31.605 +03:00 [DBG] [2,12909688740737] 
2024-11-24 12:57:31.605 +03:00 [DBG] [0,00000187988885853391] 
2024-11-24 12:57:31.605 +03:00 [DBG] [0,00390750763101242] 
2024-11-24 12:57:31.605 +03:00 [DBG] [-3,64129338913991] 
2024-11-24 12:57:31.605 +03:00 [DBG] [0,0686658568826994] 
2024-11-24 12:57:31.605 +03:00 [DBG] [-0,0159292599665381] 
2024-11-24 12:57:31.605 +03:00 [DBG] [0,000012693270542024] 
2024-11-24 12:57:31.606 +03:00 [DBG] [0,0686658568826994] 
2024-11-24 12:57:31.606 +03:00 [DBG] [0,00000488486825506866] 
2024-11-24 12:57:31.606 +03:00 [DBG] [0,00150375564452022] 
2024-11-24 12:57:31.606 +03:00 [DBG] [0,499084277605926] 
2024-11-24 12:57:31.606 +03:00 [DBG] [0,00000488486825506866] 
2024-11-24 12:57:31.606 +03:00 [DBG] 
2024-11-24 12:57:31.606 +03:00 [DBG] Значения index_i и index_j рассчитаны. N = 7, L = 7
2024-11-24 12:57:31.608 +03:00 [DBG] Минимальное k[i] рассчитано и равно -3,64129338913991
2024-11-24 12:57:31.608 +03:00 [DBG] Среднее арифметическое k[j] рассчитано и равно 0,226009396386650634
2024-11-24 12:57:32.611 +03:00 [DBG] Полученный элемент равен -3,415283992753259366
2024-11-24 12:58:12.662 +03:00 [DBG] Подобраны следующие значения для массива randomValues: 
2024-11-24 12:58:12.665 +03:00 [DBG] 2 9 2 4 9 4 -12 6 2 11 13 -7 6 
2024-11-24 12:58:12.983 +03:00 [DBG] Полученная матрица k:
2024-11-24 12:58:12.986 +03:00 [DBG] [0,247070982441228] 
2024-11-24 12:58:12.986 +03:00 [DBG] [-79228162514264337593543950335] 
2024-11-24 12:58:12.986 +03:00 [DBG] [0,247070982441228] 
2024-11-24 12:58:12.986 +03:00 [DBG] [-79228162514264337593543950335] 
2024-11-24 12:58:12.986 +03:00 [DBG] [-79228162514264337593543950335] 
2024-11-24 12:58:12.987 +03:00 [DBG] [-79228162514264337593543950335] 
2024-11-24 12:58:12.987 +03:00 [DBG] [-79228162514264337593543950335] 
2024-11-24 12:58:12.987 +03:00 [DBG] [29,9875163396691] 
2024-11-24 12:58:12.987 +03:00 [DBG] [0,247070982441228] 
2024-11-24 12:58:12.987 +03:00 [DBG] [0,675212093441495] 
2024-11-24 12:58:12.987 +03:00 [DBG] [0,176141866221132] 
2024-11-24 12:58:12.987 +03:00 [DBG] [-79228162514264337593543950335] 
2024-11-24 12:58:12.987 +03:00 [DBG] [29,9875163396691] 
2024-11-24 12:58:12.987 +03:00 [DBG] 
2024-11-24 12:58:12.987 +03:00 [DBG] [0,247070982441228] 
2024-11-24 12:58:12.987 +03:00 [DBG] [-79228162514264337593543950335] 
2024-11-24 12:58:12.988 +03:00 [DBG] [0,247070982441228] 
2024-11-24 12:58:12.988 +03:00 [DBG] [-79228162514264337593543950335] 
2024-11-24 12:58:12.988 +03:00 [DBG] [-79228162514264337593543950335] 
2024-11-24 12:58:12.988 +03:00 [DBG] [-79228162514264337593543950335] 
2024-11-24 12:58:12.988 +03:00 [DBG] [-79228162514264337593543950335] 
2024-11-24 12:58:12.988 +03:00 [DBG] [29,9875163396691] 
2024-11-24 12:58:12.988 +03:00 [DBG] [0,247070982441228] 
2024-11-24 12:58:12.988 +03:00 [DBG] [0,675212093441495] 
2024-11-24 12:58:12.988 +03:00 [DBG] [0,176141866221132] 
2024-11-24 12:58:12.988 +03:00 [DBG] [-79228162514264337593543950335] 
2024-11-24 12:58:12.989 +03:00 [DBG] [29,9875163396691] 
2024-11-24 12:58:12.989 +03:00 [DBG] 
2024-11-24 12:58:12.989 +03:00 [DBG] [0,562325553691606] 
2024-11-24 12:58:12.989 +03:00 [DBG] [0,545278629244531] 
2024-11-24 12:58:12.989 +03:00 [DBG] [0,562325553691606] 
2024-11-24 12:58:12.989 +03:00 [DBG] [0,551803691301554] 
2024-11-24 12:58:12.989 +03:00 [DBG] [0,545278629244531] 
2024-11-24 12:58:12.989 +03:00 [DBG] [0,551803691301554] 
2024-11-24 12:58:12.989 +03:00 [DBG] [0,535159941479706] 
2024-11-24 12:58:12.989 +03:00 [DBG] [0,547953176473523] 
2024-11-24 12:58:12.990 +03:00 [DBG] [0,562325553691606] 
2024-11-24 12:58:12.990 +03:00 [DBG] [0,544283604958568] 
2024-11-24 12:58:12.990 +03:00 [DBG] [0,543587512627901] 
2024-11-24 12:58:12.990 +03:00 [DBG] [0,531800013516128] 
2024-11-24 12:58:12.990 +03:00 [DBG] [0,547953176473523] 
2024-11-24 12:58:12.990 +03:00 [DBG] 
2024-11-24 12:58:12.990 +03:00 [DBG] [0,247070982441228] 
2024-11-24 12:58:12.990 +03:00 [DBG] [-79228162514264337593543950335] 
2024-11-24 12:58:12.990 +03:00 [DBG] [0,247070982441228] 
2024-11-24 12:58:12.990 +03:00 [DBG] [-79228162514264337593543950335] 
2024-11-24 12:58:12.990 +03:00 [DBG] [-79228162514264337593543950335] 
2024-11-24 12:58:12.991 +03:00 [DBG] [-79228162514264337593543950335] 
2024-11-24 12:58:12.991 +03:00 [DBG] [-79228162514264337593543950335] 
2024-11-24 12:58:12.991 +03:00 [DBG] [29,9875163396691] 
2024-11-24 12:58:12.991 +03:00 [DBG] [0,247070982441228] 
2024-11-24 12:58:12.991 +03:00 [DBG] [0,675212093441495] 
2024-11-24 12:58:12.991 +03:00 [DBG] [0,176141866221132] 
2024-11-24 12:58:12.991 +03:00 [DBG] [-79228162514264337593543950335] 
2024-11-24 12:58:12.992 +03:00 [DBG] [29,9875163396691] 
2024-11-24 12:58:12.992 +03:00 [DBG] 
2024-11-24 12:58:12.992 +03:00 [DBG] [0,000222707882008813] 
2024-11-24 12:58:12.992 +03:00 [DBG] [0,000000278413834237711] 
2024-11-24 12:58:12.992 +03:00 [DBG] [0,000222707882008813] 
2024-11-24 12:58:12.992 +03:00 [DBG] [0,0000329833085934785] 
2024-11-24 12:58:12.992 +03:00 [DBG] [0,000000278413834237711] 
2024-11-24 12:58:12.992 +03:00 [DBG] [0,0000329833085934785] 
2024-11-24 12:58:12.992 +03:00 [DBG] [2,12909688740737] 
2024-11-24 12:58:12.993 +03:00 [DBG] [0,00000488486825506866] 
2024-11-24 12:58:12.993 +03:00 [DBG] [0,000222707882008813] 
2024-11-24 12:58:12.993 +03:00 [DBG] [0,0000000412334286376284] 
2024-11-24 12:58:12.993 +03:00 [DBG] [0,0000000061067211041058] 
2024-11-24 12:58:12.993 +03:00 [DBG] [2,59423668735226] 
2024-11-24 12:58:12.993 +03:00 [DBG] [0,00000488486825506866] 
2024-11-24 12:58:12.993 +03:00 [DBG] 
2024-11-24 12:58:12.994 +03:00 [DBG] [0,247070982441228] 
2024-11-24 12:58:12.994 +03:00 [DBG] [-79228162514264337593543950335] 
2024-11-24 12:58:12.994 +03:00 [DBG] [0,247070982441228] 
2024-11-24 12:58:12.994 +03:00 [DBG] [-79228162514264337593543950335] 
2024-11-24 12:58:12.994 +03:00 [DBG] [-79228162514264337593543950335] 
2024-11-24 12:58:12.994 +03:00 [DBG] [-79228162514264337593543950335] 
2024-11-24 12:58:12.995 +03:00 [DBG] [-79228162514264337593543950335] 
2024-11-24 12:58:12.995 +03:00 [DBG] [29,9875163396691] 
2024-11-24 12:58:12.995 +03:00 [DBG] [0,247070982441228] 
2024-11-24 12:58:12.995 +03:00 [DBG] [0,675212093441495] 
2024-11-24 12:58:12.995 +03:00 [DBG] [0,176141866221132] 
2024-11-24 12:58:12.995 +03:00 [DBG] [-79228162514264337593543950335] 
2024-11-24 12:58:12.995 +03:00 [DBG] [29,9875163396691] 
2024-11-24 12:58:12.995 +03:00 [DBG] 
2024-11-24 12:58:12.996 +03:00 [DBG] [0,000222707882008813] 
2024-11-24 12:58:12.996 +03:00 [DBG] [0,000000278413834237711] 
2024-11-24 12:58:12.997 +03:00 [DBG] [0,000222707882008813] 
2024-11-24 12:58:12.997 +03:00 [DBG] [0,0000329833085934785] 
2024-11-24 12:58:12.997 +03:00 [DBG] [0,000000278413834237711] 
2024-11-24 12:58:12.998 +03:00 [DBG] [0,0000329833085934785] 
2024-11-24 12:58:12.998 +03:00 [DBG] [2,12909688740737] 
2024-11-24 12:58:12.998 +03:00 [DBG] [0,00000488486825506866] 
2024-11-24 12:58:12.998 +03:00 [DBG] [0,000222707882008813] 
2024-11-24 12:58:12.998 +03:00 [DBG] [0,0000000412334286376284] 
2024-11-24 12:58:12.998 +03:00 [DBG] [0,0000000061067211041058] 
2024-11-24 12:58:12.998 +03:00 [DBG] [2,59423668735226] 
2024-11-24 12:58:12.998 +03:00 [DBG] [0,00000488486825506866] 
2024-11-24 12:58:12.998 +03:00 [DBG] 
2024-11-24 12:58:12.998 +03:00 [DBG] [0,000222707882008813] 
2024-11-24 12:58:12.999 +03:00 [DBG] [0,000000278413834237711] 
2024-11-24 12:58:12.999 +03:00 [DBG] [0,000222707882008813] 
2024-11-24 12:58:12.999 +03:00 [DBG] [0,0000329833085934785] 
2024-11-24 12:58:12.999 +03:00 [DBG] [0,000000278413834237711] 
2024-11-24 12:58:12.999 +03:00 [DBG] [0,0000329833085934785] 
2024-11-24 12:58:12.999 +03:00 [DBG] [2,12909688740737] 
2024-11-24 12:58:12.999 +03:00 [DBG] [0,00000488486825506866] 
2024-11-24 12:58:13.000 +03:00 [DBG] [0,000222707882008813] 
2024-11-24 12:58:13.000 +03:00 [DBG] [0,0000000412334286376284] 
2024-11-24 12:58:13.000 +03:00 [DBG] [0,0000000061067211041058] 
2024-11-24 12:58:13.000 +03:00 [DBG] [2,59423668735226] 
2024-11-24 12:58:13.000 +03:00 [DBG] [0,00000488486825506866] 
2024-11-24 12:58:13.000 +03:00 [DBG] 
2024-11-24 12:58:13.000 +03:00 [DBG] Значения index_i и index_j рассчитаны. N = 7, L = 7
2024-11-24 12:58:13.002 +03:00 [DBG] Минимальное k[i] рассчитано и равно 0,0000000061067211041058
2024-11-24 12:58:13.003 +03:00 [DBG] Среднее арифметическое k[j] рассчитано и равно 15,0622541487193360257475
2024-11-24 12:58:14.021 +03:00 [DBG] Полученный элемент равен 15,0622541548260571298533
