2024-11-24 12:57:31.546 +03:00 [INF] Создан файл конфигурации с именем D:\Sources\ML Start\Task_1_Logging\ML_Start_App\bin\Debug\net8.0\App.config
2024-11-24 12:57:31.582 +03:00 [INF] Происходит процесс конвертирования из строки в Int для извлечения N
2024-11-24 12:57:31.582 +03:00 [INF] Происходит процесс конвертирования из строки в Int для извлечения L
2024-11-24 12:57:31.582 +03:00 [INF] Происходит процесс конвертирования из строки в Int для извлечения Delay
2024-11-24 12:57:31.582 +03:00 [INF] Значение N и L успешно извлечены из конфигурационного файла! N = 7, L = 7, Задержка = 1 с. 
2024-11-24 12:57:31.589 +03:00 [INF] Начало выполнение метода CalcAsync
2024-11-24 12:57:31.589 +03:00 [INF] Подбираем массив rabdomValues
2024-11-24 12:57:31.593 +03:00 [INF] Начался вывод построенной матрицы в консоль
2024-11-24 12:57:31.606 +03:00 [INF] Начало рассчета минимального k[i]
2024-11-24 12:57:31.608 +03:00 [INF] Начало рассчета среднего арифметического k[j]
2024-11-24 12:57:32.610 +03:00 [INF] Конец выполнение метода CalcAsync
2024-11-24 12:57:32.611 +03:00 [INF] Полученный элемент равен -3,415283992753259366
2024-11-24 12:57:32.612 +03:00 [INF] Начало генерации проблемы для королевства
2024-11-24 12:57:33.632 +03:00 [INF] Проблемы для королевства сгенерированы:
2024-11-24 12:57:33.633 +03:00 [INF] Pits
2024-11-24 12:57:33.633 +03:00 [INF] Unstable_Construction
2024-11-24 12:57:33.633 +03:00 [INF] Pits
2024-11-24 12:57:33.633 +03:00 [INF] Unstable_Construction
2024-11-24 12:57:33.634 +03:00 [INF] Pits
2024-11-24 12:57:33.634 +03:00 [INF] Unstable_Construction
2024-11-24 12:57:33.634 +03:00 [INF] Unstable_Construction
2024-11-24 12:57:33.634 +03:00 [INF] Stones
2024-11-24 12:57:33.634 +03:00 [INF] Stones
2024-11-24 12:57:33.635 +03:00 [INF] Pits
2024-11-24 12:57:33.635 +03:00 [INF] Unstable_Construction
2024-11-24 12:57:33.635 +03:00 [INF] Pits
2024-11-24 12:57:33.635 +03:00 [INF] Road_Gap
2024-11-24 12:57:33.635 +03:00 [INF] Stones
2024-11-24 12:57:33.636 +03:00 [INF] Stones
2024-11-24 12:57:33.636 +03:00 [INF] Pits
2024-11-24 12:57:33.636 +03:00 [INF] Pits
2024-11-24 12:57:33.636 +03:00 [INF] Pits
2024-11-24 12:57:33.636 +03:00 [INF] Unstable_Construction
2024-11-24 12:57:33.636 +03:00 [INF] Stones
2024-11-24 12:57:33.637 +03:00 [INF] Создаем команду спасателей
2024-11-24 12:57:33.641 +03:00 [INF] Начало решения проблем королевства
2024-11-24 12:57:43.669 +03:00 [INF] Конец решения проблем королевства
2024-11-24 12:58:12.630 +03:00 [INF] Происходит процесс конвертирования из строки в Int для извлечения N
2024-11-24 12:58:12.657 +03:00 [INF] Происходит процесс конвертирования из строки в Int для извлечения L
2024-11-24 12:58:12.657 +03:00 [INF] Происходит процесс конвертирования из строки в Int для извлечения Delay
2024-11-24 12:58:12.657 +03:00 [INF] Значение N и L успешно извлечены из конфигурационного файла! N = 7, L = 7, Задержка = 1 с. 
2024-11-24 12:58:12.661 +03:00 [INF] Начало выполнение метода CalcAsync
2024-11-24 12:58:12.661 +03:00 [INF] Подбираем массив rabdomValues
2024-11-24 12:58:12.983 +03:00 [INF] Начался вывод построенной матрицы в консоль
2024-11-24 12:58:13.000 +03:00 [INF] Начало рассчета минимального k[i]
2024-11-24 12:58:13.002 +03:00 [INF] Начало рассчета среднего арифметического k[j]
2024-11-24 12:58:14.019 +03:00 [INF] Конец выполнение метода CalcAsync
2024-11-24 12:58:14.021 +03:00 [INF] Полученный элемент равен 15,0622541548260571298533
2024-11-24 12:58:14.038 +03:00 [INF] Начало генерации проблемы для королевства
2024-11-24 12:58:15.063 +03:00 [INF] Проблемы для королевства сгенерированы:
2024-11-24 12:58:15.064 +03:00 [INF] Unstable_Construction
2024-11-24 12:58:15.064 +03:00 [INF] Unstable_Construction
2024-11-24 12:58:15.065 +03:00 [INF] Road_Gap
2024-11-24 12:58:15.065 +03:00 [INF] Pits
2024-11-24 12:58:15.065 +03:00 [INF] Unstable_Construction
2024-11-24 12:58:15.065 +03:00 [INF] Pits
2024-11-24 12:58:15.065 +03:00 [INF] Pits
2024-11-24 12:58:15.065 +03:00 [INF] Unstable_Construction
2024-11-24 12:58:15.065 +03:00 [INF] Road_Gap
2024-11-24 12:58:15.065 +03:00 [INF] Road_Gap
2024-11-24 12:58:15.065 +03:00 [INF] Unstable_Construction
2024-11-24 12:58:15.065 +03:00 [INF] Road_Gap
2024-11-24 12:58:15.065 +03:00 [INF] Road_Gap
2024-11-24 12:58:15.065 +03:00 [INF] Pits
2024-11-24 12:58:15.066 +03:00 [INF] Unstable_Construction
2024-11-24 12:58:15.066 +03:00 [INF] Stones
2024-11-24 12:58:15.066 +03:00 [INF] Pits
2024-11-24 12:58:15.066 +03:00 [INF] Stones
2024-11-24 12:58:15.066 +03:00 [INF] Road_Gap
2024-11-24 12:58:15.066 +03:00 [INF] Road_Gap
2024-11-24 12:58:15.066 +03:00 [INF] Создаем команду спасателей
2024-11-24 12:58:15.072 +03:00 [INF] Начало решения проблем королевства
2024-11-24 12:58:25.115 +03:00 [INF] Конец решения проблем королевства
