2024-11-24 12:57:31.546 +03:00 [INF] Создан файл конфигурации с именем D:\Sources\ML Start\Task_1_Logging\ML_Start_App\bin\Debug\net8.0\App.config
2024-11-24 12:57:31.582 +03:00 [INF] Происходит процесс конвертирования из строки в Int для извлечения N
2024-11-24 12:57:31.582 +03:00 [INF] Происходит процесс конвертирования из строки в Int для извлечения L
2024-11-24 12:57:31.582 +03:00 [INF] Происходит процесс конвертирования из строки в Int для извлечения Delay
2024-11-24 12:57:31.582 +03:00 [INF] Значение N и L успешно извлечены из конфигурационного файла! N = 7, L = 7, Задержка = 1 с. 
2024-11-24 12:57:31.589 +03:00 [INF] Начало выполнение метода CalcAsync
2024-11-24 12:57:31.589 +03:00 [INF] Подбираем массив rabdomValues
2024-11-24 12:57:31.589 +03:00 [DBG] Подобраны следующие значения для массива randomValues: 
2024-11-24 12:57:31.592 +03:00 [DBG] 1 -12 7 -1 -9 -4 -8 5 -4 6 0 -6 6 
2024-11-24 12:57:31.593 +03:00 [WRN] Значение k было сброшено на значение по умолчанию, поскольку отрицательное число нельзя возводить в 0 < степень < 1 Событие произошло при k[0,0] и x = 1, cube = 1, tanPart = -1,5183731965948524
2024-11-24 12:57:31.593 +03:00 [WRN] Значение k было сброшено на значение по умолчанию, поскольку отрицательное число нельзя возводить в 0 < степень < 1 Событие произошло при k[0,1] и x = -12
2024-11-24 12:57:31.593 +03:00 [WRN] Значение k было сброшено на значение по умолчанию, поскольку отрицательное число нельзя возводить в 0 < степень < 1 Событие произошло при k[0,3] и x = -1
2024-11-24 12:57:31.593 +03:00 [WRN] Значение k было сброшено на значение по умолчанию, поскольку отрицательное число нельзя возводить в 0 < степень < 1 Событие произошло при k[0,4] и x = -9
2024-11-24 12:57:31.593 +03:00 [WRN] Значение k было сброшено на значение по умолчанию, поскольку отрицательное число нельзя возводить в 0 < степень < 1 Событие произошло при k[0,5] и x = -4
2024-11-24 12:57:31.593 +03:00 [WRN] Значение k было сброшено на значение по умолчанию, поскольку отрицательное число нельзя возводить в 0 < степень < 1 Событие произошло при k[0,6] и x = -8
2024-11-24 12:57:31.593 +03:00 [WRN] Значение k было сброшено на значение по умолчанию, поскольку отрицательное число нельзя возводить в 0 < степень < 1 Событие произошло при k[0,8] и x = -4
2024-11-24 12:57:31.593 +03:00 [WRN] Значение k было сброшено на значение по умолчанию, поскольку отрицательное число нельзя возводить в 0 < степень < 1 Событие произошло при k[0,11] и x = -6
2024-11-24 12:57:31.593 +03:00 [WRN] Значение k было сброшено на значение по умолчанию, поскольку отрицательное число нельзя возводить в 0 < степень < 1 Событие произошло при k[1,0] и x = 1, cube = 1, tanPart = -1,5183731965948524
2024-11-24 12:57:31.593 +03:00 [WRN] Значение k было сброшено на значение по умолчанию, поскольку отрицательное число нельзя возводить в 0 < степень < 1 Событие произошло при k[1,1] и x = -12
2024-11-24 12:57:31.593 +03:00 [WRN] Значение k было сброшено на значение по умолчанию, поскольку отрицательное число нельзя возводить в 0 < степень < 1 Событие произошло при k[1,3] и x = -1
2024-11-24 12:57:31.593 +03:00 [WRN] Значение k было сброшено на значение по умолчанию, поскольку отрицательное число нельзя возводить в 0 < степень < 1 Событие произошло при k[1,4] и x = -9
2024-11-24 12:57:31.593 +03:00 [WRN] Значение k было сброшено на значение по умолчанию, поскольку отрицательное число нельзя возводить в 0 < степень < 1 Событие произошло при k[1,5] и x = -4
2024-11-24 12:57:31.593 +03:00 [WRN] Значение k было сброшено на значение по умолчанию, поскольку отрицательное число нельзя возводить в 0 < степень < 1 Событие произошло при k[1,6] и x = -8
2024-11-24 12:57:31.593 +03:00 [WRN] Значение k было сброшено на значение по умолчанию, поскольку отрицательное число нельзя возводить в 0 < степень < 1 Событие произошло при k[1,8] и x = -4
2024-11-24 12:57:31.593 +03:00 [WRN] Значение k было сброшено на значение по умолчанию, поскольку отрицательное число нельзя возводить в 0 < степень < 1 Событие произошло при k[1,11] и x = -6
2024-11-24 12:57:31.593 +03:00 [WRN] Значение k было сброшено на значение по умолчанию, поскольку отрицательное число нельзя возводить в 0 < степень < 1 Событие произошло при k[3,0] и x = 1, cube = 1, tanPart = -1,5183731965948524
2024-11-24 12:57:31.593 +03:00 [WRN] Значение k было сброшено на значение по умолчанию, поскольку отрицательное число нельзя возводить в 0 < степень < 1 Событие произошло при k[3,1] и x = -12
2024-11-24 12:57:31.593 +03:00 [WRN] Значение k было сброшено на значение по умолчанию, поскольку отрицательное число нельзя возводить в 0 < степень < 1 Событие произошло при k[3,3] и x = -1
2024-11-24 12:57:31.593 +03:00 [WRN] Значение k было сброшено на значение по умолчанию, поскольку отрицательное число нельзя возводить в 0 < степень < 1 Событие произошло при k[3,4] и x = -9
2024-11-24 12:57:31.593 +03:00 [WRN] Значение k было сброшено на значение по умолчанию, поскольку отрицательное число нельзя возводить в 0 < степень < 1 Событие произошло при k[3,5] и x = -4
2024-11-24 12:57:31.593 +03:00 [WRN] Значение k было сброшено на значение по умолчанию, поскольку отрицательное число нельзя возводить в 0 < степень < 1 Событие произошло при k[3,6] и x = -8
2024-11-24 12:57:31.593 +03:00 [WRN] Значение k было сброшено на значение по умолчанию, поскольку отрицательное число нельзя возводить в 0 < степень < 1 Событие произошло при k[3,8] и x = -4
2024-11-24 12:57:31.593 +03:00 [WRN] Значение k было сброшено на значение по умолчанию, поскольку отрицательное число нельзя возводить в 0 < степень < 1 Событие произошло при k[3,11] и x = -6
2024-11-24 12:57:31.593 +03:00 [WRN] Значение k было сброшено на значение по умолчанию, поскольку отрицательное число нельзя возводить в 0 < степень < 1 Событие произошло при k[5,0] и x = 1, cube = 1, tanPart = -1,5183731965948524
2024-11-24 12:57:31.593 +03:00 [WRN] Значение k было сброшено на значение по умолчанию, поскольку отрицательное число нельзя возводить в 0 < степень < 1 Событие произошло при k[5,1] и x = -12
2024-11-24 12:57:31.593 +03:00 [WRN] Значение k было сброшено на значение по умолчанию, поскольку отрицательное число нельзя возводить в 0 < степень < 1 Событие произошло при k[5,3] и x = -1
2024-11-24 12:57:31.593 +03:00 [WRN] Значение k было сброшено на значение по умолчанию, поскольку отрицательное число нельзя возводить в 0 < степень < 1 Событие произошло при k[5,4] и x = -9
2024-11-24 12:57:31.593 +03:00 [WRN] Значение k было сброшено на значение по умолчанию, поскольку отрицательное число нельзя возводить в 0 < степень < 1 Событие произошло при k[5,5] и x = -4
2024-11-24 12:57:31.593 +03:00 [WRN] Значение k было сброшено на значение по умолчанию, поскольку отрицательное число нельзя возводить в 0 < степень < 1 Событие произошло при k[5,6] и x = -8
2024-11-24 12:57:31.593 +03:00 [WRN] Значение k было сброшено на значение по умолчанию, поскольку отрицательное число нельзя возводить в 0 < степень < 1 Событие произошло при k[5,8] и x = -4
2024-11-24 12:57:31.593 +03:00 [WRN] Значение k было сброшено на значение по умолчанию, поскольку отрицательное число нельзя возводить в 0 < степень < 1 Событие произошло при k[5,11] и x = -6
2024-11-24 12:57:31.593 +03:00 [INF] Начался вывод построенной матрицы в консоль
2024-11-24 12:57:31.593 +03:00 [DBG] Полученная матрица k:
2024-11-24 12:57:31.596 +03:00 [DBG] [-79228162514264337593543950335] 
2024-11-24 12:57:31.596 +03:00 [DBG] [-79228162514264337593543950335] 
2024-11-24 12:57:31.596 +03:00 [DBG] [0,0324533320738011] 
2024-11-24 12:57:31.596 +03:00 [DBG] [-79228162514264337593543950335] 
2024-11-24 12:57:31.596 +03:00 [DBG] [-79228162514264337593543950335] 
2024-11-24 12:57:31.596 +03:00 [DBG] [-79228162514264337593543950335] 
2024-11-24 12:57:31.596 +03:00 [DBG] [-79228162514264337593543950335] 
2024-11-24 12:57:31.597 +03:00 [DBG] [0,314630286004702] 
2024-11-24 12:57:31.597 +03:00 [DBG] [-79228162514264337593543950335] 
2024-11-24 12:57:31.597 +03:00 [DBG] [29,9875163396691] 
2024-11-24 12:57:31.597 +03:00 [DBG] [1] 
2024-11-24 12:57:31.597 +03:00 [DBG] [-79228162514264337593543950335] 
2024-11-24 12:57:31.598 +03:00 [DBG] [29,9875163396691] 
2024-11-24 12:57:31.598 +03:00 [DBG] 
2024-11-24 12:57:31.598 +03:00 [DBG] [-79228162514264337593543950335] 
2024-11-24 12:57:31.598 +03:00 [DBG] [-79228162514264337593543950335] 
2024-11-24 12:57:31.598 +03:00 [DBG] [0,0324533320738011] 
2024-11-24 12:57:31.598 +03:00 [DBG] [-79228162514264337593543950335] 
2024-11-24 12:57:31.598 +03:00 [DBG] [-79228162514264337593543950335] 
2024-11-24 12:57:31.598 +03:00 [DBG] [-79228162514264337593543950335] 
2024-11-24 12:57:31.598 +03:00 [DBG] [-79228162514264337593543950335] 
2024-11-24 12:57:31.599 +03:00 [DBG] [0,314630286004702] 
2024-11-24 12:57:31.599 +03:00 [DBG] [-79228162514264337593543950335] 
2024-11-24 12:57:31.599 +03:00 [DBG] [29,9875163396691] 
2024-11-24 12:57:31.599 +03:00 [DBG] [1] 
2024-11-24 12:57:31.599 +03:00 [DBG] [-79228162514264337593543950335] 
2024-11-24 12:57:31.599 +03:00 [DBG] [29,9875163396691] 
2024-11-24 12:57:31.599 +03:00 [DBG] 
2024-11-24 12:57:31.599 +03:00 [DBG] [0,5797076069008] 
2024-11-24 12:57:31.599 +03:00 [DBG] [0,535159941479706] 
2024-11-24 12:57:31.599 +03:00 [DBG] [0,546817845930453] 
2024-11-24 12:57:31.600 +03:00 [DBG] [0,461269555033181] 
2024-11-24 12:57:31.600 +03:00 [DBG] [0,53360851873003] 
2024-11-24 12:57:31.600 +03:00 [DBG] [0,525399136045832] 
2024-11-24 12:57:31.600 +03:00 [DBG] [0,532822021919678] 
2024-11-24 12:57:31.600 +03:00 [DBG] [0,549515947262771] 
2024-11-24 12:57:31.600 +03:00 [DBG] [0,525399136045832] 
2024-11-24 12:57:31.600 +03:00 [DBG] [0,547953176473523] 
2024-11-24 12:57:31.600 +03:00 [DBG] [0,745624141665558] 
2024-11-24 12:57:31.600 +03:00 [DBG] [0,530418045770623] 
2024-11-24 12:57:31.601 +03:00 [DBG] [0,547953176473523] 
2024-11-24 12:57:31.601 +03:00 [DBG] 
2024-11-24 12:57:31.601 +03:00 [DBG] [-79228162514264337593543950335] 
2024-11-24 12:57:31.601 +03:00 [DBG] [-79228162514264337593543950335] 
2024-11-24 12:57:31.601 +03:00 [DBG] [0,0324533320738011] 
2024-11-24 12:57:31.601 +03:00 [DBG] [-79228162514264337593543950335] 
2024-11-24 12:57:31.601 +03:00 [DBG] [-79228162514264337593543950335] 
2024-11-24 12:57:31.601 +03:00 [DBG] [-79228162514264337593543950335] 
2024-11-24 12:57:31.601 +03:00 [DBG] [-79228162514264337593543950335] 
2024-11-24 12:57:31.601 +03:00 [DBG] [0,314630286004702] 
2024-11-24 12:57:31.601 +03:00 [DBG] [-79228162514264337593543950335] 
2024-11-24 12:57:31.602 +03:00 [DBG] [29,9875163396691] 
2024-11-24 12:57:31.602 +03:00 [DBG] [1] 
2024-11-24 12:57:31.602 +03:00 [DBG] [-79228162514264337593543950335] 
2024-11-24 12:57:31.602 +03:00 [DBG] [29,9875163396691] 
2024-11-24 12:57:31.602 +03:00 [DBG] 
2024-11-24 12:57:31.602 +03:00 [DBG] [0,000578703768305945] 
2024-11-24 12:57:31.602 +03:00 [DBG] [2,12909688740737] 
2024-11-24 12:57:31.602 +03:00 [DBG] [0,00000187988885853391] 
2024-11-24 12:57:31.602 +03:00 [DBG] [0,00390750763101242] 
2024-11-24 12:57:31.602 +03:00 [DBG] [-3,64129338913991] 
2024-11-24 12:57:31.602 +03:00 [DBG] [0,0686658568826994] 
2024-11-24 12:57:31.602 +03:00 [DBG] [-0,0159292599665381] 
2024-11-24 12:57:31.602 +03:00 [DBG] [0,000012693270542024] 
2024-11-24 12:57:31.602 +03:00 [DBG] [0,0686658568826994] 
2024-11-24 12:57:31.603 +03:00 [DBG] [0,00000488486825506866] 
2024-11-24 12:57:31.603 +03:00 [DBG] [0,00150375564452022] 
2024-11-24 12:57:31.603 +03:00 [DBG] [0,499084277605926] 
2024-11-24 12:57:31.603 +03:00 [DBG] [0,00000488486825506866] 
2024-11-24 12:57:31.603 +03:00 [DBG] 
2024-11-24 12:57:31.603 +03:00 [DBG] [-79228162514264337593543950335] 
2024-11-24 12:57:31.603 +03:00 [DBG] [-79228162514264337593543950335] 
2024-11-24 12:57:31.603 +03:00 [DBG] [0,0324533320738011] 
2024-11-24 12:57:31.603 +03:00 [DBG] [-79228162514264337593543950335] 
2024-11-24 12:57:31.603 +03:00 [DBG] [-79228162514264337593543950335] 
2024-11-24 12:57:31.603 +03:00 [DBG] [-79228162514264337593543950335] 
2024-11-24 12:57:31.603 +03:00 [DBG] [-79228162514264337593543950335] 
2024-11-24 12:57:31.603 +03:00 [DBG] [0,314630286004702] 
2024-11-24 12:57:31.603 +03:00 [DBG] [-79228162514264337593543950335] 
2024-11-24 12:57:31.604 +03:00 [DBG] [29,9875163396691] 
2024-11-24 12:57:31.604 +03:00 [DBG] [1] 
2024-11-24 12:57:31.604 +03:00 [DBG] [-79228162514264337593543950335] 
2024-11-24 12:57:31.604 +03:00 [DBG] [29,9875163396691] 
2024-11-24 12:57:31.604 +03:00 [DBG] 
2024-11-24 12:57:31.604 +03:00 [DBG] [0,000578703768305945] 
2024-11-24 12:57:31.604 +03:00 [DBG] [2,12909688740737] 
2024-11-24 12:57:31.604 +03:00 [DBG] [0,00000187988885853391] 
2024-11-24 12:57:31.604 +03:00 [DBG] [0,00390750763101242] 
2024-11-24 12:57:31.604 +03:00 [DBG] [-3,64129338913991] 
2024-11-24 12:57:31.604 +03:00 [DBG] [0,0686658568826994] 
2024-11-24 12:57:31.604 +03:00 [DBG] [-0,0159292599665381] 
2024-11-24 12:57:31.604 +03:00 [DBG] [0,000012693270542024] 
2024-11-24 12:57:31.604 +03:00 [DBG] [0,0686658568826994] 
2024-11-24 12:57:31.604 +03:00 [DBG] [0,00000488486825506866] 
2024-11-24 12:57:31.604 +03:00 [DBG] [0,00150375564452022] 
2024-11-24 12:57:31.605 +03:00 [DBG] [0,499084277605926] 
2024-11-24 12:57:31.605 +03:00 [DBG] [0,00000488486825506866] 
2024-11-24 12:57:31.605 +03:00 [DBG] 
2024-11-24 12:57:31.605 +03:00 [DBG] [0,000578703768305945] 
2024-11-24 12:57:31.605 +03:00 [DBG] [2,12909688740737] 
2024-11-24 12:57:31.605 +03:00 [DBG] [0,00000187988885853391] 
2024-11-24 12:57:31.605 +03:00 [DBG] [0,00390750763101242] 
2024-11-24 12:57:31.605 +03:00 [DBG] [-3,64129338913991] 
2024-11-24 12:57:31.605 +03:00 [DBG] [0,0686658568826994] 
2024-11-24 12:57:31.605 +03:00 [DBG] [-0,0159292599665381] 
2024-11-24 12:57:31.605 +03:00 [DBG] [0,000012693270542024] 
2024-11-24 12:57:31.606 +03:00 [DBG] [0,0686658568826994] 
2024-11-24 12:57:31.606 +03:00 [DBG] [0,00000488486825506866] 
2024-11-24 12:57:31.606 +03:00 [DBG] [0,00150375564452022] 
2024-11-24 12:57:31.606 +03:00 [DBG] [0,499084277605926] 
2024-11-24 12:57:31.606 +03:00 [DBG] [0,00000488486825506866] 
2024-11-24 12:57:31.606 +03:00 [DBG] 
2024-11-24 12:57:31.606 +03:00 [DBG] Значения index_i и index_j рассчитаны. N = 7, L = 7
2024-11-24 12:57:31.606 +03:00 [INF] Начало рассчета минимального k[i]
2024-11-24 12:57:31.608 +03:00 [DBG] Минимальное k[i] рассчитано и равно -3,64129338913991
2024-11-24 12:57:31.608 +03:00 [INF] Начало рассчета среднего арифметического k[j]
2024-11-24 12:57:31.608 +03:00 [DBG] Среднее арифметическое k[j] рассчитано и равно 0,226009396386650634
2024-11-24 12:57:32.610 +03:00 [INF] Конец выполнение метода CalcAsync
2024-11-24 12:57:32.611 +03:00 [DBG] Полученный элемент равен -3,415283992753259366
2024-11-24 12:57:32.611 +03:00 [INF] Полученный элемент равен -3,415283992753259366
2024-11-24 12:57:32.612 +03:00 [INF] Начало генерации проблемы для королевства
2024-11-24 12:57:33.632 +03:00 [INF] Проблемы для королевства сгенерированы:
2024-11-24 12:57:33.633 +03:00 [INF] Pits
2024-11-24 12:57:33.633 +03:00 [INF] Unstable_Construction
2024-11-24 12:57:33.633 +03:00 [INF] Pits
2024-11-24 12:57:33.633 +03:00 [INF] Unstable_Construction
2024-11-24 12:57:33.634 +03:00 [INF] Pits
2024-11-24 12:57:33.634 +03:00 [INF] Unstable_Construction
2024-11-24 12:57:33.634 +03:00 [INF] Unstable_Construction
2024-11-24 12:57:33.634 +03:00 [INF] Stones
2024-11-24 12:57:33.634 +03:00 [INF] Stones
2024-11-24 12:57:33.635 +03:00 [INF] Pits
2024-11-24 12:57:33.635 +03:00 [INF] Unstable_Construction
2024-11-24 12:57:33.635 +03:00 [INF] Pits
2024-11-24 12:57:33.635 +03:00 [INF] Road_Gap
2024-11-24 12:57:33.635 +03:00 [INF] Stones
2024-11-24 12:57:33.636 +03:00 [INF] Stones
2024-11-24 12:57:33.636 +03:00 [INF] Pits
2024-11-24 12:57:33.636 +03:00 [INF] Pits
2024-11-24 12:57:33.636 +03:00 [INF] Pits
2024-11-24 12:57:33.636 +03:00 [INF] Unstable_Construction
2024-11-24 12:57:33.636 +03:00 [INF] Stones
2024-11-24 12:57:33.637 +03:00 [INF] Создаем команду спасателей
2024-11-24 12:57:33.641 +03:00 [INF] Начало решения проблем королевства
2024-11-24 12:57:43.669 +03:00 [INF] Конец решения проблем королевства
2024-11-24 12:58:12.630 +03:00 [INF] Происходит процесс конвертирования из строки в Int для извлечения N
2024-11-24 12:58:12.657 +03:00 [INF] Происходит процесс конвертирования из строки в Int для извлечения L
2024-11-24 12:58:12.657 +03:00 [INF] Происходит процесс конвертирования из строки в Int для извлечения Delay
2024-11-24 12:58:12.657 +03:00 [INF] Значение N и L успешно извлечены из конфигурационного файла! N = 7, L = 7, Задержка = 1 с. 
2024-11-24 12:58:12.661 +03:00 [INF] Начало выполнение метода CalcAsync
2024-11-24 12:58:12.661 +03:00 [INF] Подбираем массив rabdomValues
2024-11-24 12:58:12.662 +03:00 [DBG] Подобраны следующие значения для массива randomValues: 
2024-11-24 12:58:12.665 +03:00 [DBG] 2 9 2 4 9 4 -12 6 2 11 13 -7 6 
2024-11-24 12:58:12.728 +03:00 [ERR] Произошла ошибка: Value was either too large or too small for a Decimal.
2024-11-24 12:58:12.738 +03:00 [ERR] Произошла ошибка: Value was either too large or too small for a Decimal.
2024-11-24 12:58:12.748 +03:00 [ERR] Произошла ошибка: Value was either too large or too small for a Decimal.
2024-11-24 12:58:12.763 +03:00 [ERR] Произошла ошибка: Value was either too large or too small for a Decimal.
2024-11-24 12:58:12.763 +03:00 [WRN] Значение k было сброшено на значение по умолчанию, поскольку отрицательное число нельзя возводить в 0 < степень < 1 Событие произошло при k[0,6] и x = -12
2024-11-24 12:58:12.763 +03:00 [WRN] Значение k было сброшено на значение по умолчанию, поскольку отрицательное число нельзя возводить в 0 < степень < 1 Событие произошло при k[0,11] и x = -7
2024-11-24 12:58:12.780 +03:00 [ERR] Произошла ошибка: Value was either too large or too small for a Decimal.
2024-11-24 12:58:12.792 +03:00 [ERR] Произошла ошибка: Value was either too large or too small for a Decimal.
2024-11-24 12:58:12.813 +03:00 [ERR] Произошла ошибка: Value was either too large or too small for a Decimal.
2024-11-24 12:58:12.826 +03:00 [ERR] Произошла ошибка: Value was either too large or too small for a Decimal.
2024-11-24 12:58:12.826 +03:00 [WRN] Значение k было сброшено на значение по умолчанию, поскольку отрицательное число нельзя возводить в 0 < степень < 1 Событие произошло при k[1,6] и x = -12
2024-11-24 12:58:12.826 +03:00 [WRN] Значение k было сброшено на значение по умолчанию, поскольку отрицательное число нельзя возводить в 0 < степень < 1 Событие произошло при k[1,11] и x = -7
2024-11-24 12:58:12.842 +03:00 [ERR] Произошла ошибка: Value was either too large or too small for a Decimal.
2024-11-24 12:58:12.878 +03:00 [ERR] Произошла ошибка: Value was either too large or too small for a Decimal.
2024-11-24 12:58:12.905 +03:00 [ERR] Произошла ошибка: Value was either too large or too small for a Decimal.
2024-11-24 12:58:12.926 +03:00 [ERR] Произошла ошибка: Value was either too large or too small for a Decimal.
2024-11-24 12:58:12.926 +03:00 [WRN] Значение k было сброшено на значение по умолчанию, поскольку отрицательное число нельзя возводить в 0 < степень < 1 Событие произошло при k[3,6] и x = -12
2024-11-24 12:58:12.926 +03:00 [WRN] Значение k было сброшено на значение по умолчанию, поскольку отрицательное число нельзя возводить в 0 < степень < 1 Событие произошло при k[3,11] и x = -7
2024-11-24 12:58:12.939 +03:00 [ERR] Произошла ошибка: Value was either too large or too small for a Decimal.
2024-11-24 12:58:12.954 +03:00 [ERR] Произошла ошибка: Value was either too large or too small for a Decimal.
2024-11-24 12:58:12.970 +03:00 [ERR] Произошла ошибка: Value was either too large or too small for a Decimal.
2024-11-24 12:58:12.983 +03:00 [ERR] Произошла ошибка: Value was either too large or too small for a Decimal.
2024-11-24 12:58:12.983 +03:00 [WRN] Значение k было сброшено на значение по умолчанию, поскольку отрицательное число нельзя возводить в 0 < степень < 1 Событие произошло при k[5,6] и x = -12
2024-11-24 12:58:12.983 +03:00 [WRN] Значение k было сброшено на значение по умолчанию, поскольку отрицательное число нельзя возводить в 0 < степень < 1 Событие произошло при k[5,11] и x = -7
2024-11-24 12:58:12.983 +03:00 [INF] Начался вывод построенной матрицы в консоль
2024-11-24 12:58:12.983 +03:00 [DBG] Полученная матрица k:
2024-11-24 12:58:12.986 +03:00 [DBG] [0,247070982441228] 
2024-11-24 12:58:12.986 +03:00 [DBG] [-79228162514264337593543950335] 
2024-11-24 12:58:12.986 +03:00 [DBG] [0,247070982441228] 
2024-11-24 12:58:12.986 +03:00 [DBG] [-79228162514264337593543950335] 
2024-11-24 12:58:12.986 +03:00 [DBG] [-79228162514264337593543950335] 
2024-11-24 12:58:12.987 +03:00 [DBG] [-79228162514264337593543950335] 
2024-11-24 12:58:12.987 +03:00 [DBG] [-79228162514264337593543950335] 
2024-11-24 12:58:12.987 +03:00 [DBG] [29,9875163396691] 
2024-11-24 12:58:12.987 +03:00 [DBG] [0,247070982441228] 
2024-11-24 12:58:12.987 +03:00 [DBG] [0,675212093441495] 
2024-11-24 12:58:12.987 +03:00 [DBG] [0,176141866221132] 
2024-11-24 12:58:12.987 +03:00 [DBG] [-79228162514264337593543950335] 
2024-11-24 12:58:12.987 +03:00 [DBG] [29,9875163396691] 
2024-11-24 12:58:12.987 +03:00 [DBG] 
2024-11-24 12:58:12.987 +03:00 [DBG] [0,247070982441228] 
2024-11-24 12:58:12.987 +03:00 [DBG] [-79228162514264337593543950335] 
2024-11-24 12:58:12.988 +03:00 [DBG] [0,247070982441228] 
2024-11-24 12:58:12.988 +03:00 [DBG] [-79228162514264337593543950335] 
2024-11-24 12:58:12.988 +03:00 [DBG] [-79228162514264337593543950335] 
2024-11-24 12:58:12.988 +03:00 [DBG] [-79228162514264337593543950335] 
2024-11-24 12:58:12.988 +03:00 [DBG] [-79228162514264337593543950335] 
2024-11-24 12:58:12.988 +03:00 [DBG] [29,9875163396691] 
2024-11-24 12:58:12.988 +03:00 [DBG] [0,247070982441228] 
2024-11-24 12:58:12.988 +03:00 [DBG] [0,675212093441495] 
2024-11-24 12:58:12.988 +03:00 [DBG] [0,176141866221132] 
2024-11-24 12:58:12.988 +03:00 [DBG] [-79228162514264337593543950335] 
2024-11-24 12:58:12.989 +03:00 [DBG] [29,9875163396691] 
2024-11-24 12:58:12.989 +03:00 [DBG] 
2024-11-24 12:58:12.989 +03:00 [DBG] [0,562325553691606] 
2024-11-24 12:58:12.989 +03:00 [DBG] [0,545278629244531] 
2024-11-24 12:58:12.989 +03:00 [DBG] [0,562325553691606] 
2024-11-24 12:58:12.989 +03:00 [DBG] [0,551803691301554] 
2024-11-24 12:58:12.989 +03:00 [DBG] [0,545278629244531] 
2024-11-24 12:58:12.989 +03:00 [DBG] [0,551803691301554] 
2024-11-24 12:58:12.989 +03:00 [DBG] [0,535159941479706] 
2024-11-24 12:58:12.989 +03:00 [DBG] [0,547953176473523] 
2024-11-24 12:58:12.990 +03:00 [DBG] [0,562325553691606] 
2024-11-24 12:58:12.990 +03:00 [DBG] [0,544283604958568] 
2024-11-24 12:58:12.990 +03:00 [DBG] [0,543587512627901] 
2024-11-24 12:58:12.990 +03:00 [DBG] [0,531800013516128] 
2024-11-24 12:58:12.990 +03:00 [DBG] [0,547953176473523] 
2024-11-24 12:58:12.990 +03:00 [DBG] 
2024-11-24 12:58:12.990 +03:00 [DBG] [0,247070982441228] 
2024-11-24 12:58:12.990 +03:00 [DBG] [-79228162514264337593543950335] 
2024-11-24 12:58:12.990 +03:00 [DBG] [0,247070982441228] 
2024-11-24 12:58:12.990 +03:00 [DBG] [-79228162514264337593543950335] 
2024-11-24 12:58:12.990 +03:00 [DBG] [-79228162514264337593543950335] 
2024-11-24 12:58:12.991 +03:00 [DBG] [-79228162514264337593543950335] 
2024-11-24 12:58:12.991 +03:00 [DBG] [-79228162514264337593543950335] 
2024-11-24 12:58:12.991 +03:00 [DBG] [29,9875163396691] 
2024-11-24 12:58:12.991 +03:00 [DBG] [0,247070982441228] 
2024-11-24 12:58:12.991 +03:00 [DBG] [0,675212093441495] 
2024-11-24 12:58:12.991 +03:00 [DBG] [0,176141866221132] 
2024-11-24 12:58:12.991 +03:00 [DBG] [-79228162514264337593543950335] 
2024-11-24 12:58:12.992 +03:00 [DBG] [29,9875163396691] 
2024-11-24 12:58:12.992 +03:00 [DBG] 
2024-11-24 12:58:12.992 +03:00 [DBG] [0,000222707882008813] 
2024-11-24 12:58:12.992 +03:00 [DBG] [0,000000278413834237711] 
2024-11-24 12:58:12.992 +03:00 [DBG] [0,000222707882008813] 
2024-11-24 12:58:12.992 +03:00 [DBG] [0,0000329833085934785] 
2024-11-24 12:58:12.992 +03:00 [DBG] [0,000000278413834237711] 
2024-11-24 12:58:12.992 +03:00 [DBG] [0,0000329833085934785] 
2024-11-24 12:58:12.992 +03:00 [DBG] [2,12909688740737] 
2024-11-24 12:58:12.993 +03:00 [DBG] [0,00000488486825506866] 
2024-11-24 12:58:12.993 +03:00 [DBG] [0,000222707882008813] 
2024-11-24 12:58:12.993 +03:00 [DBG] [0,0000000412334286376284] 
2024-11-24 12:58:12.993 +03:00 [DBG] [0,0000000061067211041058] 
2024-11-24 12:58:12.993 +03:00 [DBG] [2,59423668735226] 
2024-11-24 12:58:12.993 +03:00 [DBG] [0,00000488486825506866] 
2024-11-24 12:58:12.993 +03:00 [DBG] 
2024-11-24 12:58:12.994 +03:00 [DBG] [0,247070982441228] 
2024-11-24 12:58:12.994 +03:00 [DBG] [-79228162514264337593543950335] 
2024-11-24 12:58:12.994 +03:00 [DBG] [0,247070982441228] 
2024-11-24 12:58:12.994 +03:00 [DBG] [-79228162514264337593543950335] 
2024-11-24 12:58:12.994 +03:00 [DBG] [-79228162514264337593543950335] 
2024-11-24 12:58:12.994 +03:00 [DBG] [-79228162514264337593543950335] 
2024-11-24 12:58:12.995 +03:00 [DBG] [-79228162514264337593543950335] 
2024-11-24 12:58:12.995 +03:00 [DBG] [29,9875163396691] 
2024-11-24 12:58:12.995 +03:00 [DBG] [0,247070982441228] 
2024-11-24 12:58:12.995 +03:00 [DBG] [0,675212093441495] 
2024-11-24 12:58:12.995 +03:00 [DBG] [0,176141866221132] 
2024-11-24 12:58:12.995 +03:00 [DBG] [-79228162514264337593543950335] 
2024-11-24 12:58:12.995 +03:00 [DBG] [29,9875163396691] 
2024-11-24 12:58:12.995 +03:00 [DBG] 
2024-11-24 12:58:12.996 +03:00 [DBG] [0,000222707882008813] 
2024-11-24 12:58:12.996 +03:00 [DBG] [0,000000278413834237711] 
2024-11-24 12:58:12.997 +03:00 [DBG] [0,000222707882008813] 
2024-11-24 12:58:12.997 +03:00 [DBG] [0,0000329833085934785] 
2024-11-24 12:58:12.997 +03:00 [DBG] [0,000000278413834237711] 
2024-11-24 12:58:12.998 +03:00 [DBG] [0,0000329833085934785] 
2024-11-24 12:58:12.998 +03:00 [DBG] [2,12909688740737] 
2024-11-24 12:58:12.998 +03:00 [DBG] [0,00000488486825506866] 
2024-11-24 12:58:12.998 +03:00 [DBG] [0,000222707882008813] 
2024-11-24 12:58:12.998 +03:00 [DBG] [0,0000000412334286376284] 
2024-11-24 12:58:12.998 +03:00 [DBG] [0,0000000061067211041058] 
2024-11-24 12:58:12.998 +03:00 [DBG] [2,59423668735226] 
2024-11-24 12:58:12.998 +03:00 [DBG] [0,00000488486825506866] 
2024-11-24 12:58:12.998 +03:00 [DBG] 
2024-11-24 12:58:12.998 +03:00 [DBG] [0,000222707882008813] 
2024-11-24 12:58:12.999 +03:00 [DBG] [0,000000278413834237711] 
2024-11-24 12:58:12.999 +03:00 [DBG] [0,000222707882008813] 
2024-11-24 12:58:12.999 +03:00 [DBG] [0,0000329833085934785] 
2024-11-24 12:58:12.999 +03:00 [DBG] [0,000000278413834237711] 
2024-11-24 12:58:12.999 +03:00 [DBG] [0,0000329833085934785] 
2024-11-24 12:58:12.999 +03:00 [DBG] [2,12909688740737] 
2024-11-24 12:58:12.999 +03:00 [DBG] [0,00000488486825506866] 
2024-11-24 12:58:13.000 +03:00 [DBG] [0,000222707882008813] 
2024-11-24 12:58:13.000 +03:00 [DBG] [0,0000000412334286376284] 
2024-11-24 12:58:13.000 +03:00 [DBG] [0,0000000061067211041058] 
2024-11-24 12:58:13.000 +03:00 [DBG] [2,59423668735226] 
2024-11-24 12:58:13.000 +03:00 [DBG] [0,00000488486825506866] 
2024-11-24 12:58:13.000 +03:00 [DBG] 
2024-11-24 12:58:13.000 +03:00 [DBG] Значения index_i и index_j рассчитаны. N = 7, L = 7
2024-11-24 12:58:13.000 +03:00 [INF] Начало рассчета минимального k[i]
2024-11-24 12:58:13.002 +03:00 [DBG] Минимальное k[i] рассчитано и равно 0,0000000061067211041058
2024-11-24 12:58:13.002 +03:00 [INF] Начало рассчета среднего арифметического k[j]
2024-11-24 12:58:13.003 +03:00 [DBG] Среднее арифметическое k[j] рассчитано и равно 15,0622541487193360257475
2024-11-24 12:58:14.019 +03:00 [INF] Конец выполнение метода CalcAsync
2024-11-24 12:58:14.021 +03:00 [DBG] Полученный элемент равен 15,0622541548260571298533
2024-11-24 12:58:14.021 +03:00 [INF] Полученный элемент равен 15,0622541548260571298533
2024-11-24 12:58:14.038 +03:00 [INF] Начало генерации проблемы для королевства
2024-11-24 12:58:15.063 +03:00 [INF] Проблемы для королевства сгенерированы:
2024-11-24 12:58:15.064 +03:00 [INF] Unstable_Construction
2024-11-24 12:58:15.064 +03:00 [INF] Unstable_Construction
2024-11-24 12:58:15.065 +03:00 [INF] Road_Gap
2024-11-24 12:58:15.065 +03:00 [INF] Pits
2024-11-24 12:58:15.065 +03:00 [INF] Unstable_Construction
2024-11-24 12:58:15.065 +03:00 [INF] Pits
2024-11-24 12:58:15.065 +03:00 [INF] Pits
2024-11-24 12:58:15.065 +03:00 [INF] Unstable_Construction
2024-11-24 12:58:15.065 +03:00 [INF] Road_Gap
2024-11-24 12:58:15.065 +03:00 [INF] Road_Gap
2024-11-24 12:58:15.065 +03:00 [INF] Unstable_Construction
2024-11-24 12:58:15.065 +03:00 [INF] Road_Gap
2024-11-24 12:58:15.065 +03:00 [INF] Road_Gap
2024-11-24 12:58:15.065 +03:00 [INF] Pits
2024-11-24 12:58:15.066 +03:00 [INF] Unstable_Construction
2024-11-24 12:58:15.066 +03:00 [INF] Stones
2024-11-24 12:58:15.066 +03:00 [INF] Pits
2024-11-24 12:58:15.066 +03:00 [INF] Stones
2024-11-24 12:58:15.066 +03:00 [INF] Road_Gap
2024-11-24 12:58:15.066 +03:00 [INF] Road_Gap
2024-11-24 12:58:15.066 +03:00 [INF] Создаем команду спасателей
2024-11-24 12:58:15.072 +03:00 [INF] Начало решения проблем королевства
2024-11-24 12:58:25.115 +03:00 [INF] Конец решения проблем королевства
